Line 795: "        }"
Hex: 20202020202020207d0d
Line 796: ""
Hex: 0d
Line 797: "        setMessage(msg);"
Hex: 20202020202020207365744d657373616765286d7367293b0d
Line 798: "    };"
Hex: 202020207d3b0d
Line 799: ""
Hex: 0d
Line 800: "    return ("
Hex: 2020202072657475726e20280d
Line 801: "        <div className={styles.calculatorContainer}>"
Hex: 20202020202020203c64697620636c6173734e616d653d7b7374796c65732e63616c63756c61746f72436f6e7461696e65727d3e0d
Line 802: "            <form className={styles.mmrForm} onSubmit={(e) => { e.preventDefault(); generateMessage(); }}>"
Hex: 2020202020202020202020203c666f726d20636c6173734e616d653d7b7374796c65732e6d6d72466f726d7d206f6e5375626d69743d7b286529203d3e207b20652e70726576656e7444656661756c7428293b2067656e65726174654d65737361676528293b207d7d3e0d
Line 803: ""
Hex: 0d
Line 804: "                <div className={styles.topHeaderGrid}>"
Hex: 202020202020202020202020202020203c64697620636c6173734e616d653d7b7374796c65732e746f70486561646572477269647d3e0d
Line 805: "                    {/* Station */}"
Hex: 20202020202020202020202020202020202020207b2f2a2053746174696f6e202a2f7d0d
