Total lines: 679
Found potential start lines at indices: []
Could not find the start of the bad block. Dumping lines 600-615 for inspection:
601: "    transition: all 0.2s;"
602: "}"
603: ""
604: ".traceBtn:hover {"
605: "    background: var(--primary);"
606: "    color: white;"
607: "}"
608: ""
609: "\u0000.\u0000w\u0000\u0000a\u0000t\u0000h\u0000e\u0000r\u0000T\u0000i\u0000m\u0000i\u0000n\u0000g\u0000S\u0000t\u0000a\u0000t\u0000s\u0000 \u0000 {"
610: "    \u0000 \u0000 \u0000 \u0000 \u0000 \u0000m\u0000a\u0000r\u0000g\u0000i\u0000n\u0000-\u0000t\u0000o\u0000p\u0000: \u0000 \u00001\u0000r\u0000e\u0000m\u0000;"
611: "    \u0000 \u0000 \u0000 \u0000 \u0000 \u0000p\u0000a\u0000d\u0000d\u0000i\u0000n\u0000g\u0000: \u0000 \u00001\u0000r\u0000e\u0000m\u0000;"
612: "    \u0000 \u0000 \u0000 \u0000 \u0000 \u0000b\u0000a\u0000c\u0000k\u0000g\u0000r\u0000o\u0000u\u0000n\u0000d\u0000: \u0000 \u0000r\u0000g\u0000b\u0000a\u0000(\u00002\u00005\u00005\u0000, \u0000 \u00002\u00005\u00005\u0000, \u0000 \u00002\u00005\u00005\u0000, \u0000 \u00000\u0000.\u00000\u00005\u0000)\u0000;"
613: "    \u0000 \u0000/\u0000*\u0000 \u0000o\u0000r\u0000 \u0000v\u0000a\u0000r\u0000(\u0000-\u0000-\u0000c\u0000a\u0000r\u0000d\u0000-\u0000b\u0000g\u0000)\u0000 \u0000*\u0000/\u0000 \u0000 \u0000 \u0000 \u0000 \u0000b\u0000o\u0000r\u0000d\u0000e\u0000r\u0000-\u0000r\u0000a\u0000d\u0000i\u0000u\u0000s\u0000: \u0000 \u00008\u0000p\u0000x\u0000;"
614: "    \u0000 \u0000 \u0000 \u0000 \u0000 \u0000b\u0000o\u0000r\u0000d\u0000e\u0000r\u0000: \u0000 \u00001\u0000p\u0000x\u0000 \u0000s\u0000o\u0000l\u0000i\u0000d\u0000 \u0000v\u0000a\u0000r\u0000(\u0000-\u0000-\u0000b\u0000o\u0000r\u0000d\u0000e\u0000r\u0000-\u0000c\u0000o\u0000l\u0000o\u0000r\u0000)\u0000;"
615: "    \u0000 \u0000"
Total lines: 679
Removed 29 lines containing null bytes.
File updated successfully.
